<?xml version="1.0" encoding="UTF-8"?>
<!-- Generated by org.testng.reporters.JUnitXMLReporter -->
<testsuite hostname="Ankit" ignored="2" name="Test" tests="1" failures="0" timestamp="28 Nov 2021 17:24:12 GMT" time="88.347" errors="0">
  <testcase name="TC01" time="80.126" classname="com.amazon.tests.LaptopPageTests"/>
  <testcase name="@BeforeSuite beforeSuite" time="0.0" classname="com.amazon.tests.BaseTest">
    <ignored/>
  </testcase> <!-- @BeforeSuite beforeSuite -->
  <testcase name="@AfterSuite afterSuite" time="0.0" classname="com.amazon.tests.BaseTest">
    <ignored/>
  </testcase> <!-- @AfterSuite afterSuite -->
</testsuite> <!-- Test -->
